15:26:57: Creating resource group General
15:26:57: Creating resource group Internal
15:26:57: Creating resource group Autodetect
15:26:57: SceneManagerFactory for type 'DefaultSceneManager' registered.
15:26:57: Registering ResourceManager for type Material
15:26:57: Registering ResourceManager for type Mesh
15:26:57: Registering ResourceManager for type Skeleton
15:26:57: MovableObjectFactory for type 'ParticleSystem' registered.
15:26:57: OverlayElementFactory for type Panel registered.
15:26:57: OverlayElementFactory for type BorderPanel registered.
15:26:57: OverlayElementFactory for type TextArea registered.
15:26:57: Registering ResourceManager for type Font
15:26:57: ArchiveFactory for archive type FileSystem registered.
15:26:57: ArchiveFactory for archive type Zip registered.
15:26:57: DDS codec registering
15:26:57: FreeImage version: 3.13.1
15:26:57: This program uses FreeImage, a free, open source image library supporting all common bitmap formats. See http://freeimage.sourceforge.net for details
15:26:57: Supported formats: bmp,ico,jpg,jif,jpeg,jpe,jng,koa,iff,lbm,mng,pbm,pbm,pcd,pcx,pgm,pgm,png,ppm,ppm,ras,tga,targa,tif,tiff,wap,wbmp,wbm,psd,cut,xbm,xpm,gif,hdr,g3,sgi,exr,j2k,j2c,jp2,pfm,pct,pict,pic,bay,bmq,cr2,crw,cs1,dc2,dcr,dng,erf,fff,hdr,k25,kdc,mdc,mos,mrw,nef,orf,pef,pxn,raf,raw,rdc,sr2,srf,arw,3fr,cine,ia,kc2,mef,nrw,qtk,rw2,sti,drf,dsc,ptx,cap,iiq,rwz
15:26:57: Registering ResourceManager for type HighLevelGpuProgram
15:26:57: Registering ResourceManager for type Compositor
15:26:57: MovableObjectFactory for type 'Entity' registered.
15:26:57: MovableObjectFactory for type 'Light' registered.
15:26:57: MovableObjectFactory for type 'BillboardSet' registered.
15:26:57: MovableObjectFactory for type 'ManualObject' registered.
15:26:57: MovableObjectFactory for type 'BillboardChain' registered.
15:26:57: MovableObjectFactory for type 'RibbonTrail' registered.
15:26:57: *-*-* OGRE Initialising
15:26:57: *-*-* Version 1.7.4 (Cthugha)
15:26:57: ArchiveFactory for archive type veZip registered.
15:26:57: MovableObjectFactory for type 'VeManualObject' registered.
15:26:57: OverlayElementFactory for type VePanel registered.
15:26:57: OverlayElementFactory for type VeBorderPanel registered.
15:26:57: MovableObjectFactory for type 'MovableText' registered.
15:26:57: MovableObjectFactory for type 'MacroFloMV2::ArrowSet' registered.
15:26:57: Loading library RenderSystem_GL
15:26:57: Installing plugin: GL RenderSystem
15:26:57: OpenGL Rendering Subsystem created.
15:26:58: Plugin successfully installed
15:26:58: CPU Identifier & Features
15:26:58: -------------------------
15:26:58:  *   CPU ID: GenuineIntel: Intel(R) Xeon(R) CPU E5-2665 0 @ 2.40GHz
15:26:58:  *      SSE: yes
15:26:58:  *     SSE2: yes
15:26:58:  *     SSE3: yes
15:26:58:  *      MMX: yes
15:26:58:  *   MMXEXT: yes
15:26:58:  *    3DNOW: no
15:26:58:  * 3DNOWEXT: no
15:26:58:  *     CMOV: yes
15:26:58:  *      TSC: yes
15:26:58:  *      FPU: yes
15:26:58:  *      PRO: yes
15:26:58:  *       HT: no
15:26:58: -------------------------
15:26:58: *** Starting Win32GL Subsystem ***
15:26:58: GLRenderSystem::_createRenderWindow "OgreWindow", 320x240 windowed  miscParams: FSAA=8 externalWindowHandle=263048 
15:26:58: GL_VERSION = 2.1 Mesa 8.1-devel (git-48a3d4e)
15:26:58: GL_VENDOR = VMware, Inc.
15:26:58: GL_RENDERER = Gallium 0.4 on SVGA3D; build: RELEASE;  
15:26:58: GL_EXTENSIONS = GL_ARB_multisample GL_EXT_abgr GL_EXT_bgra GL_EXT_blend_color GL_EXT_blend_minmax GL_EXT_blend_subtract GL_EXT_copy_texture GL_EXT_polygon_offset GL_EXT_subtexture GL_EXT_texture_object GL_EXT_vertex_array GL_EXT_compiled_vertex_array GL_EXT_texture GL_EXT_texture3D GL_IBM_rasterpos_clip GL_ARB_point_parameters GL_EXT_draw_range_elements GL_EXT_packed_pixels GL_EXT_point_parameters GL_EXT_rescale_normal GL_EXT_separate_specular_color GL_EXT_texture_edge_clamp GL_SGIS_generate_mipmap GL_SGIS_texture_border_clamp GL_SGIS_texture_edge_clamp GL_SGIS_texture_lod GL_ARB_framebuffer_sRGB GL_ARB_multitexture GL_EXT_framebuffer_sRGB GL_IBM_multimode_draw_arrays GL_IBM_texture_mirrored_repeat GL_ARB_texture_cube_map GL_ARB_texture_env_add GL_ARB_transpose_matrix GL_EXT_blend_func_separate GL_EXT_fog_coord GL_EXT_multi_draw_arrays GL_EXT_secondary_color GL_EXT_texture_env_add GL_EXT_texture_filter_anisotropic GL_EXT_texture_lod_bias GL_INGR_blend_func_separate GL_NV_blend_square GL_NV_light_max_exponent GL_NV_texgen_reflection GL_NV_texture_env_combine4 GL_SUN_multi_draw_arrays GL_ARB_texture_border_clamp GL_ARB_texture_compression GL_EXT_framebuffer_object GL_EXT_texture_env_combine GL_EXT_texture_env_dot3 GL_MESA_window_pos GL_NV_packed_depth_stencil GL_NV_texture_rectangle GL_ARB_depth_texture GL_ARB_occlusion_query GL_ARB_shadow GL_ARB_texture_env_combine GL_ARB_texture_env_crossbar GL_ARB_texture_env_dot3 GL_ARB_texture_mirrored_repeat GL_ARB_window_pos GL_EXT_stencil_two_side GL_EXT_texture_cube_map GL_NV_fog_distance GL_APPLE_packed_pixels GL_APPLE_vertex_array_object GL_ARB_draw_buffers GL_ARB_fragment_program GL_ARB_fragment_shader GL_ARB_shader_objects GL_ARB_vertex_program GL_ARB_vertex_shader GL_ATI_draw_buffers GL_ATI_texture_env_combine3 GL_ATI_texture_float GL_EXT_shadow_funcs GL_EXT_stencil_wrap GL_MESA_pack_invert GL_NV_primitive_restart GL_ARB_fragment_program_shadow GL_ARB_half_float_pixel GL_ARB_occlusion_query2 GL_ARB_point_sprite GL_ARB_shading_language_100 GL_ARB_sync GL_ARB_texture_non_power_of_two GL_ARB_vertex_buffer_object GL_ATI_blend_equation_separate GL_EXT_blend_equation_separate GL_OES_read_format GL_ARB_color_buffer_float GL_ARB_pixel_buffer_object GL_ARB_texture_float GL_ARB_texture_rectangle GL_EXT_pixel_buffer_object GL_EXT_texture_rectangle GL_EXT_texture_sRGB GL_ARB_framebuffer_object GL_EXT_framebuffer_blit GL_EXT_framebuffer_multisample GL_EXT_packed_depth_stencil GL_ARB_vertex_array_object GL_ATI_separate_stencil GL_EXT_gpu_program_parameters GL_EXT_texture_sRGB_decode GL_OES_EGL_image GL_ARB_copy_buffer GL_ARB_half_float_vertex GL_ARB_map_buffer_range GL_ARB_texture_swizzle GL_ARB_vertex_array_bgra GL_EXT_separate_shader_objects GL_EXT_texture_swizzle GL_EXT_vertex_array_bgra GL_ARB_ES2_compatibility GL_ARB_debug_output GL_ARB_draw_elements_base_vertex GL_ARB_explicit_attrib_location GL_ARB_fragment_coord_conventions GL_ARB_provoking_vertex GL_ARB_sampler_objects GL_EXT_provoking_vertex GL_ARB_robustness GL_ARB_texture_storage 
15:26:58: Supported WGL extensions: WGL_ARB_extensions_string WGL_ARB_multisample WGL_ARB_pbuffer WGL_ARB_pixel_format WGL_EXT_extensions_string
15:26:58: ***************************
15:26:58: *** GL Renderer Started ***
15:26:58: ***************************
15:26:58: Registering ResourceManager for type GpuProgram
15:26:58: GLSL support detected
15:26:58: GL: Using GL_EXT_framebuffer_object for rendering to textures (best)
15:26:58: FBO PF_UNKNOWN depth/stencil support: D0S1 D0S4 D0S8 D0S16 D16S0 D24S0 D32S0 Packed-D24S8 
15:26:58: FBO PF_A4L4 depth/stencil support: D0S0 D0S1 D0S4 D0S8 D0S16 D16S0 D24S0 D32S0 Packed-D24S8 
15:26:58: FBO PF_BYTE_LA depth/stencil support: D0S0 D0S1 D0S4 D0S8 D0S16 D16S0 D24S0 D32S0 Packed-D24S8 
15:26:58: FBO PF_R5G6B5 depth/stencil support: D0S0 D0S1 D0S4 D0S8 D0S16 D16S0 D24S0 D32S0 Packed-D24S8 
15:26:58: FBO PF_B5G6R5 depth/stencil support: D0S0 D0S1 D0S4 D0S8 D0S16 D16S0 D24S0 D32S0 Packed-D24S8 
15:26:58: FBO PF_A4R4G4B4 depth/stencil support: D0S0 D0S1 D0S4 D0S8 D0S16 D16S0 D24S0 D32S0 Packed-D24S8 
15:26:58: FBO PF_A1R5G5B5 depth/stencil support: D0S0 D0S1 D0S4 D0S8 D0S16 D16S0 D24S0 D32S0 Packed-D24S8 
15:26:58: FBO PF_R8G8B8 depth/stencil support: D0S0 D0S1 D0S4 D0S8 D0S16 D16S0 D24S0 D32S0 Packed-D24S8 
15:26:58: FBO PF_B8G8R8 depth/stencil support: D0S0 D0S1 D0S4 D0S8 D0S16 D16S0 D24S0 D32S0 Packed-D24S8 
15:26:58: FBO PF_A8R8G8B8 depth/stencil support: D0S0 D0S1 D0S4 D0S8 D0S16 D16S0 D24S0 D32S0 Packed-D24S8 
15:26:58: FBO PF_B8G8R8A8 depth/stencil support: D0S0 D0S1 D0S4 D0S8 D0S16 D16S0 D24S0 D32S0 Packed-D24S8 
15:26:58: FBO PF_A2R10G10B10 depth/stencil support: D0S0 D0S1 D0S4 D0S8 D0S16 D16S0 D24S0 D32S0 Packed-D24S8 
15:26:58: FBO PF_A2B10G10R10 depth/stencil support: D0S0 D0S1 D0S4 D0S8 D0S16 D16S0 D24S0 D32S0 Packed-D24S8 
15:26:58: FBO PF_FLOAT16_RGB depth/stencil support: D0S0 D0S1 D0S4 D0S8 D0S16 D16S0 D24S0 D32S0 Packed-D24S8 
15:26:58: FBO PF_FLOAT16_RGBA depth/stencil support: D0S0 D0S1 D0S4 D0S8 D0S16 D16S0 D24S0 D32S0 Packed-D24S8 
15:26:58: FBO PF_FLOAT32_RGB depth/stencil support: D0S0 D0S1 D0S4 D0S8 D0S16 D16S0 D24S0 D32S0 Packed-D24S8 
15:26:58: FBO PF_FLOAT32_RGBA depth/stencil support: D0S0 D0S1 D0S4 D0S8 D0S16 D16S0 D24S0 D32S0 Packed-D24S8 
15:26:58: FBO PF_X8R8G8B8 depth/stencil support: D0S0 D0S1 D0S4 D0S8 D0S16 D16S0 D24S0 D32S0 Packed-D24S8 
15:26:58: FBO PF_X8B8G8R8 depth/stencil support: D0S0 D0S1 D0S4 D0S8 D0S16 D16S0 D24S0 D32S0 Packed-D24S8 
15:26:58: FBO PF_SHORT_RGBA depth/stencil support: D0S0 D0S1 D0S4 D0S8 D0S16 D16S0 D24S0 D32S0 Packed-D24S8 
15:26:58: FBO PF_R3G3B2 depth/stencil support: D0S0 D0S1 D0S4 D0S8 D0S16 D16S0 D24S0 D32S0 Packed-D24S8 
15:26:58: FBO PF_FLOAT16_R depth/stencil support: D0S0 D0S1 D0S4 D0S8 D0S16 D16S0 D24S0 D32S0 Packed-D24S8 
15:26:58: FBO PF_FLOAT32_R depth/stencil support: D0S0 D0S1 D0S4 D0S8 D0S16 D16S0 D24S0 D32S0 Packed-D24S8 
15:26:58: FBO PF_SHORT_GR depth/stencil support: D0S0 D0S1 D0S4 D0S8 D0S16 D16S0 D24S0 D32S0 Packed-D24S8 
15:26:58: FBO PF_FLOAT16_GR depth/stencil support: D0S0 D0S1 D0S4 D0S8 D0S16 D16S0 D24S0 D32S0 Packed-D24S8 
15:26:58: FBO PF_FLOAT32_GR depth/stencil support: D0S0 D0S1 D0S4 D0S8 D0S16 D16S0 D24S0 D32S0 Packed-D24S8 
15:26:58: FBO PF_SHORT_RGB depth/stencil support: D0S0 D0S1 D0S4 D0S8 D0S16 D16S0 D24S0 D32S0 Packed-D24S8 
15:26:58: [GL] : Valid FBO targets PF_UNKNOWN PF_A4L4 PF_BYTE_LA PF_R5G6B5 PF_B5G6R5 PF_A4R4G4B4 PF_A1R5G5B5 PF_R8G8B8 PF_B8G8R8 PF_A8R8G8B8 PF_B8G8R8A8 PF_A2R10G10B10 PF_A2B10G10R10 PF_FLOAT16_RGB PF_FLOAT16_RGBA PF_FLOAT32_RGB PF_FLOAT32_RGBA PF_X8R8G8B8 PF_X8B8G8R8 PF_SHORT_RGBA PF_R3G3B2 PF_FLOAT16_R PF_FLOAT32_R PF_SHORT_GR PF_FLOAT16_GR PF_FLOAT32_GR PF_SHORT_RGB 
15:26:58: RenderSystem capabilities
15:26:58: -------------------------
15:26:58: RenderSystem Name: OpenGL Rendering Subsystem
15:26:58: GPU Vendor: unknown
15:26:58: Device Name: Gallium 0.4 on SVGA3D; build: RELEASE;  
15:26:58: Driver Version: 2.1.0.0
15:26:58:  * Fixed function pipeline: yes
15:26:58:  * Hardware generation of mipmaps: yes
15:26:58:  * Texture blending: yes
15:26:58:  * Anisotropic texture filtering: yes
15:26:58:  * Dot product texture operation: yes
15:26:58:  * Cube mapping: yes
15:26:58:  * Hardware stencil buffer: yes
15:26:58:    - Stencil depth: 8
15:26:58:    - Two sided stencil support: yes
15:26:58:    - Wrap stencil values: yes
15:26:58:  * Hardware vertex / index buffers: yes
15:26:58:  * Vertex programs: yes
15:26:58:  * Number of floating-point constants for vertex programs: 4096
15:26:58:  * Number of integer constants for vertex programs: 0
15:26:58:  * Number of boolean constants for vertex programs: 0
15:26:58:  * Fragment programs: yes
15:26:58:  * Number of floating-point constants for fragment programs: 224
15:26:58:  * Number of integer constants for fragment programs: 0
15:26:58:  * Number of boolean constants for fragment programs: 0
15:26:58:  * Geometry programs: no
15:26:58:  * Number of floating-point constants for geometry programs: 13362
15:26:58:  * Number of integer constants for geometry programs: 30752
15:26:58:  * Number of boolean constants for geometry programs: 14112
15:26:58:  * Supported Shader Profiles: arbfp1 arbvp1 glsl
15:26:58:  * Texture Compression: yes
15:26:58:    - DXT: no
15:26:58:    - VTC: no
15:26:58:    - PVRTC: no
15:26:58:  * Scissor Rectangle: yes
15:26:58:  * Hardware Occlusion Query: yes
15:26:58:  * User clip planes: yes
15:26:58:  * VET_UBYTE4 vertex element type: yes
15:26:58:  * Infinite far plane projection: yes
15:26:58:  * Hardware render-to-texture: yes
15:26:58:  * Floating point textures: yes
15:26:58:  * Non-power-of-two textures: yes
15:26:58:  * Volume textures: yes
15:26:58:  * Multiple Render Targets: 8
15:26:58:    - With different bit depths: yes
15:26:58:  * Point Sprites: yes
15:26:58:  * Extended point parameters: yes
15:26:58:  * Max Point Size: 80
15:26:58:  * Vertex texture fetch: no
15:26:58:  * Number of world matrices: 0
15:26:58:  * Number of texture units: 16
15:26:58:  * Stencil buffer depth: 8
15:26:58:  * Number of vertex blend matrices: 0
15:26:58:  * Render to Vertex Buffer : no
15:26:58:  * GL 1.5 without VBO workaround: no
15:26:58:  * Frame Buffer objects: yes
15:26:58:  * Frame Buffer objects (ARB extension): no
15:26:58:  * Frame Buffer objects (ATI extension): no
15:26:58:  * PBuffer support: yes
15:26:58:  * GL 1.5 without HW-occlusion workaround: no
15:26:58: Registering ResourceManager for type Texture
15:26:58: DefaultWorkQueue('Root') initialising on thread fdc.
15:26:58: DefaultWorkQueue('Root')::WorkerFunc - thread f70 starting.
15:26:58: DefaultWorkQueue('Root')::WorkerFunc - thread 8e0 starting.
15:26:58: DefaultWorkQueue('Root')::WorkerFunc - thread c10 starting.
15:26:58: DefaultWorkQueue('Root')::WorkerFunc - thread 84 starting.
15:26:58: DefaultWorkQueue('Root')::WorkerFunc - thread c84 starting.
15:26:58: DefaultWorkQueue('Root')::WorkerFunc - thread f04 starting.
15:26:58: DefaultWorkQueue('Root')::WorkerFunc - thread 344 starting.
15:26:58: DefaultWorkQueue('Root')::WorkerFunc - thread e54 starting.
15:26:58: Particle Renderer Type 'billboard' registered
15:26:58: Added resource location 'C:/Program Files (x86)/IES/Shared Content/media/media000.vezip' of type 'veZip' to resource group 'General'
15:26:58: Added resource location 'C:/Program Files (x86)/IES/Shared Content/media/media001.vezip' of type 'veZip' to resource group 'General'
15:26:58: Added resource location 'C:/Program Files (x86)/IES/Shared Content/media/media002.vezip' of type 'veZip' to resource group 'General'
15:26:58: Added resource location 'C:/Program Files (x86)/IES/Shared Content/media/media003.vezip' of type 'veZip' to resource group 'General'
15:26:58: Added resource location 'C:/Program Files (x86)/IES/Shared Content/media/media004.vezip' of type 'veZip' to resource group 'General'
15:26:58: Added resource location 'C:/Program Files (x86)/IES/Shared Content/media/media005.vezip' of type 'veZip' to resource group 'General'
15:26:58: Added resource location 'C:/Program Files (x86)/IES/Shared Content/media/media006.vezip' of type 'veZip' to resource group 'General'
15:26:58: Added resource location 'C:/Program Files (x86)/IES/Shared Content/media/media007.vezip' of type 'veZip' to resource group 'General'
15:26:58: Added resource location 'C:/Program Files (x86)/IES/Shared Content/media/media008.vezip' of type 'veZip' to resource group 'General'
15:26:58: Added resource location 'C:/Program Files (x86)/IES/Shared Content/media/media009.vezip' of type 'veZip' to resource group 'General'
15:26:58: Added resource location 'C:/Program Files (x86)/IES/Shared Content/media/update001/media001.vezip' of type 'veZip' to resource group 'General'
15:26:58: Added resource location 'C:/Program Files (x86)/IES/Shared Content/media/update001/media002.vezip' of type 'veZip' to resource group 'General'
15:26:58: Added resource location 'C:/Program Files (x86)/IES/Shared Content/media/update002/media000.vezip' of type 'veZip' to resource group 'General'
15:26:58: Added resource location 'C:/Program Files (x86)/IES/Shared Content/media/update002/media001.vezip' of type 'veZip' to resource group 'General'
15:26:58: Added resource location 'C:/Program Files (x86)/IES/Shared Content/media/update002/media002.vezip' of type 'veZip' to resource group 'General'
15:26:58: Added resource location 'C:/Program Files (x86)/IES/Shared Content/media/update002/media003.vezip' of type 'veZip' to resource group 'General'
15:26:58: Added resource location 'C:/Program Files (x86)/IES/Shared Content/Texture/ColourMaps' of type 'FileSystem' to resource group 'General'
15:26:58: Parsing scripts for resource group Autodetect
15:26:58: Finished parsing scripts for resource group Autodetect
15:26:58: Parsing scripts for resource group General
15:26:58: Parsing script Dummy.program
15:26:58: GLSL compiled : GLSL/HardwareSkinningFourWeightsShadowCaster
15:26:58: GLSL compiled : GLSL/HardwareSkinningFourWeights
15:26:58: GLSL compiled : GLSL/DiffuseOneTexture
15:26:58: GLSL compiled : GLSL/DiffuseOneTextureWithTeamColour
15:26:58: GLSL compiled : GLSL/DiffuseOneTextureWith3Colour
15:26:58: Parsing script sdf.program
15:26:58: Parsing script defaults.material
15:26:58: GLSL compiled : MV2/Pattern_Shading_fp
15:26:58: GLSL compiled : MV2/Pattern_Shading_vp
15:26:58: Parsing script solararc.material
15:26:58: Parsing script ViewMode_GradientMap_Legend.material
15:26:58: Parsing script skybox.material
15:26:58: Parsing script Dummy.material
15:26:58: Parsing script simulex.material
15:26:58: Parsing script ViewMode_VariableShading_Legend.material
15:26:58: Parsing script arrow.material
15:26:58: GLSL compiled : GLSL/SignedDistanceField/1CH
15:26:58: Parsing script ModelInput_Legend.material
15:26:58: Parsing script VeOgreGui.material
15:26:58: Parsing script defaults.fontdef
15:26:58: Parsing script simulex.fontdef
15:26:58: Parsing script ViewMode_VariableShading_Legend.fontdef
15:26:58: Parsing script macroflo.fontdef
15:26:58: Parsing script ModelInput_Legend.fontdef
15:26:58: Parsing script VeOgreGui.fontdef
15:26:58: Parsing script ViewMode_GradientMap_Legend.overlay
15:26:58: Texture: 01_Infrared_standard.bmp: Loading 1 faces(PF_R8G8B8,512x1x1) with  hardware generated mipmaps from Image. Internal format is PF_X8R8G8B8,512x1x1.
15:26:58: Parsing script simulex.overlay
15:26:58: Parsing script ViewMode_VariableShading_Legend.overlay
15:26:58: Texture: above_below.png: Loading 1 faces(PF_A8R8G8B8,18x18x1) with 4 hardware generated mipmaps from Image. Internal format is PF_A8R8G8B8,18x18x1.
15:26:58: Parsing script ModelInput_Legend.overlay
15:26:58: Parsing script VeOgreGui.overlay
15:26:58: Texture: gui_cursor.png: Loading 1 faces(PF_A8R8G8B8,32x32x1) with 5 hardware generated mipmaps from Image. Internal format is PF_A8R8G8B8,32x32x1.
15:26:58: Texture: gui_button_up.png: Loading 1 faces(PF_A8R8G8B8,128x32x1) with 7 hardware generated mipmaps from Image. Internal format is PF_A8R8G8B8,128x32x1.
15:26:58: Texture: gui_text_box.png: Loading 1 faces(PF_A8R8G8B8,32x32x1) with 5 hardware generated mipmaps from Image. Internal format is PF_A8R8G8B8,32x32x1.
15:26:58: Texture: gui_mini_tray.png: Loading 1 faces(PF_A8R8G8B8,32x32x1) with 5 hardware generated mipmaps from Image. Internal format is PF_A8R8G8B8,32x32x1.
15:26:58: Texture: gui_track.png: Loading 1 faces(PF_A8R8G8B8,16x32x1) with 5 hardware generated mipmaps from Image. Internal format is PF_A8R8G8B8,16x32x1.
15:26:58: Texture: gui_handle.png: Loading 1 faces(PF_A8R8G8B8,16x16x1) with 4 hardware generated mipmaps from Image. Internal format is PF_A8R8G8B8,16x16x1.
15:26:58: Texture: gui_mini_text_box.png: Loading 1 faces(PF_A8R8G8B8,32x32x1) with 5 hardware generated mipmaps from Image. Internal format is PF_A8R8G8B8,32x32x1.
15:26:58: Texture: pattern_atlas_64.png: Loading 1 faces(PF_A8R8G8B8,64x64x1) with  hardware generated mipmaps from Image. Internal format is PF_A8R8G8B8,64x64x1.
15:26:58: Texture: gui_label.png: Loading 1 faces(PF_A8R8G8B8,32x32x1) with 5 hardware generated mipmaps from Image. Internal format is PF_A8R8G8B8,32x32x1.
15:26:58: Texture: gui_separator.png: Loading 1 faces(PF_A8R8G8B8,64x16x1) with 6 hardware generated mipmaps from Image. Internal format is PF_A8R8G8B8,64x16x1.
15:26:58: Texture: gui_logo.png: Loading 1 faces(PF_A8R8G8B8,64x64x1) with 6 hardware generated mipmaps from Image. Internal format is PF_A8R8G8B8,64x64x1.
15:26:58: Texture: gui_shade.png: Loading 1 faces(PF_A8R8G8B8,64x48x1) with 6 hardware generated mipmaps from Image. Internal format is PF_A8R8G8B8,64x48x1.
15:26:58: Texture: gui_frame.png: Loading 1 faces(PF_A8R8G8B8,32x32x1) with 5 hardware generated mipmaps from Image. Internal format is PF_A8R8G8B8,32x32x1.
15:26:58: Texture: gui_mini_text_box_over.png: Loading 1 faces(PF_A8R8G8B8,32x32x1) with 5 hardware generated mipmaps from Image. Internal format is PF_A8R8G8B8,32x32x1.
15:26:58: Texture: gui_pulse.png: Loading 1 faces(PF_R8G8B8,8x1x1) with 3 hardware generated mipmaps from Image. Internal format is PF_X8R8G8B8,8x1x1.
15:26:59: Texture: gui_above_below.png: Loading 1 faces(PF_A8R8G8B8,18x18x1) with 4 hardware generated mipmaps from Image. Internal format is PF_A8R8G8B8,18x18x1.
15:26:59: Finished parsing scripts for resource group General
15:26:59: Parsing scripts for resource group Internal
15:26:59: Finished parsing scripts for resource group Internal
15:26:59: Font FONT_SOL_ARCusing texture size 1024x512
15:26:59: Info: Freetype returned null for character 160 in font FONT_SOL_ARC
15:26:59: Texture: FONT_SOL_ARCTexture: Loading 1 faces(PF_BYTE_LA,1024x512x1) with  hardware generated mipmaps from Image. Internal format is PF_BYTE_LA,1024x512x1.
15:26:59: Font FONT_SPACE_LABELusing texture size 1024x512
15:26:59: Info: Freetype returned null for character 160 in font FONT_SPACE_LABEL
15:26:59: Texture: FONT_SPACE_LABELTexture: Loading 1 faces(PF_BYTE_LA,1024x512x1) with  hardware generated mipmaps from Image. Internal format is PF_BYTE_LA,1024x512x1.
15:26:59: Font ViewMode_GradientMap_Fontusing texture size 512x256
15:26:59: Info: Freetype returned null for character 160 in font ViewMode_GradientMap_Font
15:26:59: Texture: ViewMode_GradientMap_FontTexture: Loading 1 faces(PF_BYTE_LA,512x256x1) with  hardware generated mipmaps from Image. Internal format is PF_BYTE_LA,512x256x1.
15:26:59: Font Simulex_LCD_Fontusing texture size 512x512
15:26:59: Info: Freetype returned null for character 160 in font Simulex_LCD_Font
15:26:59: Texture: Simulex_LCD_FontTexture: Loading 1 faces(PF_BYTE_LA,512x512x1) with  hardware generated mipmaps from Image. Internal format is PF_BYTE_LA,512x512x1.
15:26:59: Font ViewMode_VariableShading_Fontusing texture size 512x512
15:26:59: Info: Freetype returned null for character 160 in font ViewMode_VariableShading_Font
15:26:59: Texture: ViewMode_VariableShading_FontTexture: Loading 1 faces(PF_BYTE_LA,512x512x1) with  hardware generated mipmaps from Image. Internal format is PF_BYTE_LA,512x512x1.
15:26:59: Font MacroFlo_2D_Fontusing texture size 512x512
15:26:59: Info: Freetype returned null for character 160 in font MacroFlo_2D_Font
15:26:59: Texture: MacroFlo_2D_FontTexture: Loading 1 faces(PF_BYTE_LA,512x512x1) with  hardware generated mipmaps from Image. Internal format is PF_BYTE_LA,512x512x1.
15:26:59: Font MacroFlo_3D_Fontusing texture size 1024x512
15:26:59: Info: Freetype returned null for character 160 in font MacroFlo_3D_Font
15:26:59: Texture: MacroFlo_3D_FontTexture: Loading 1 faces(PF_BYTE_LA,1024x512x1) with  hardware generated mipmaps from Image. Internal format is PF_BYTE_LA,1024x512x1.
15:26:59: Font ModelInput_Fontusing texture size 512x256
15:26:59: Info: Freetype returned null for character 160 in font ModelInput_Font
15:26:59: Texture: ModelInput_FontTexture: Loading 1 faces(PF_BYTE_LA,512x256x1) with  hardware generated mipmaps from Image. Internal format is PF_BYTE_LA,512x256x1.
15:26:59: Font VeOgreGui/Captionusing texture size 512x512
15:26:59: Info: Freetype returned null for character 160 in font VeOgreGui/Caption
15:26:59: Texture: VeOgreGui/CaptionTexture: Loading 1 faces(PF_BYTE_LA,512x512x1) with  hardware generated mipmaps from Image. Internal format is PF_BYTE_LA,512x512x1.
15:26:59: Font VeOgreGui/Valueusing texture size 512x512
15:26:59: Info: Freetype returned null for character 160 in font VeOgreGui/Value
15:26:59: Texture: VeOgreGui/ValueTexture: Loading 1 faces(PF_BYTE_LA,512x512x1) with  hardware generated mipmaps from Image. Internal format is PF_BYTE_LA,512x512x1.
15:27:00: Texture: sky1_fr.bmp: Loading 1 faces(PF_R8G8B8,1024x1024x1) with 10 hardware generated mipmaps from Image. Internal format is PF_X8R8G8B8,1024x1024x1.
15:27:00: Texture: sky1_bk.bmp: Loading 1 faces(PF_R8G8B8,1024x1024x1) with 10 hardware generated mipmaps from Image. Internal format is PF_X8R8G8B8,1024x1024x1.
15:27:00: Texture: sky1_lf.bmp: Loading 1 faces(PF_R8G8B8,1024x1024x1) with 10 hardware generated mipmaps from Image. Internal format is PF_X8R8G8B8,1024x1024x1.
15:27:00: Texture: sky1_rt.bmp: Loading 1 faces(PF_R8G8B8,1024x1024x1) with 10 hardware generated mipmaps from Image. Internal format is PF_X8R8G8B8,1024x1024x1.
15:27:00: Texture: sky1_up.bmp: Loading 1 faces(PF_R8G8B8,1024x1024x1) with 10 hardware generated mipmaps from Image. Internal format is PF_X8R8G8B8,1024x1024x1.
15:27:00: Texture: sky1_dn.bmp: Loading 1 faces(PF_R8G8B8,1024x1024x1) with 10 hardware generated mipmaps from Image. Internal format is PF_X8R8G8B8,1024x1024x1.
15:27:02: Texture: Grass0130.jpg: Loading 1 faces(PF_R8G8B8,512x512x1) with 9 hardware generated mipmaps from Image. Internal format is PF_X8R8G8B8,512x512x1.
15:27:02: Texture: N_shadow.png: Loading 1 faces(PF_A8R8G8B8,254x256x1) with  hardware generated mipmaps from Image. Internal format is PF_A8R8G8B8,254x256x1.
15:27:02: Texture: S_shadow.png: Loading 1 faces(PF_A8R8G8B8,256x256x1) with  hardware generated mipmaps from Image. Internal format is PF_A8R8G8B8,256x256x1.
15:27:02: Texture: E_shadow.png: Loading 1 faces(PF_A8R8G8B8,257x256x1) with  hardware generated mipmaps from Image. Internal format is PF_A8R8G8B8,257x256x1.
15:27:02: Texture: W_shadow.png: Loading 1 faces(PF_A8R8G8B8,256x256x1) with  hardware generated mipmaps from Image. Internal format is PF_A8R8G8B8,256x256x1.
15:27:03: Texture: GLBK10.bmp: Loading 1 faces(PF_R8G8B8,512x510x1) with 9 hardware generated mipmaps from Image. Internal format is PF_X8R8G8B8,512x510x1.
15:27:03: Texture: CEIL004.bmp: Loading 1 faces(PF_R8G8B8,512x512x1) with 9 hardware generated mipmaps from Image. Internal format is PF_X8R8G8B8,512x512x1.
15:27:04: Texture: STU001.bmp: Loading 1 faces(PF_R8G8B8,512x512x1) with 9 hardware generated mipmaps from Image. Internal format is PF_X8R8G8B8,512x512x1.
15:27:04: Texture: BRK0051.bmp: Loading 1 faces(PF_R8G8B8,512x512x1) with 9 hardware generated mipmaps from Image. Internal format is PF_X8R8G8B8,512x512x1.
15:27:04: Texture: ROOF025.bmp: Loading 1 faces(PF_R8G8B8,512x512x1) with 9 hardware generated mipmaps from Image. Internal format is PF_X8R8G8B8,512x512x1.
15:27:04: Texture: AGG004.bmp: Loading 1 faces(PF_R8G8B8,512x512x1) with 9 hardware generated mipmaps from Image. Internal format is PF_X8R8G8B8,512x512x1.
15:27:04: Texture: VENR003.bmp: Loading 1 faces(PF_R8G8B8,512x512x1) with 9 hardware generated mipmaps from Image. Internal format is PF_X8R8G8B8,512x512x1.
15:27:59: DefaultWorkQueue('Root') shutting down on thread fdc.
15:27:59: DefaultWorkQueue('Root')::WorkerFunc - thread e54 stopped.
15:27:59: DefaultWorkQueue('Root')::WorkerFunc - thread 84 stopped.
15:27:59: DefaultWorkQueue('Root')::WorkerFunc - thread f04 stopped.
15:27:59: DefaultWorkQueue('Root')::WorkerFunc - thread f70 stopped.
15:27:59: DefaultWorkQueue('Root')::WorkerFunc - thread c10 stopped.
15:27:59: DefaultWorkQueue('Root')::WorkerFunc - thread 344 stopped.
15:27:59: DefaultWorkQueue('Root')::WorkerFunc - thread c84 stopped.
15:27:59: DefaultWorkQueue('Root')::WorkerFunc - thread 8e0 stopped.
15:27:59: *-*-* OGRE Shutdown
15:27:59: Unregistering ResourceManager for type Compositor
15:27:59: Unregistering ResourceManager for type Font
15:27:59: Unregistering ResourceManager for type Skeleton
15:27:59: Unregistering ResourceManager for type Mesh
15:27:59: Unregistering ResourceManager for type HighLevelGpuProgram
15:27:59: Uninstalling plugin: GL RenderSystem
15:27:59: Unregistering ResourceManager for type GpuProgram
15:27:59: *** Stopping Win32GL Subsystem ***
15:27:59: Unregistering ResourceManager for type Texture
15:27:59: Plugin successfully uninstalled
15:27:59: Unloading library RenderSystem_GL
15:27:59: Unregistering ResourceManager for type Material
